<?xml version="1.0" encoding="UTF-8"?>
<testsuite xmlns:xsi="http://www.w3.org/2001/XMLSchema-instance" xsi:noNamespaceSchemaLocation="https://maven.apache.org/surefire/maven-surefire-plugin/xsd/surefire-test-report.xsd" name="com.tzeao.blog.BlogApplicationTests" time="7.669" tests="1" errors="0" skipped="0" failures="0">
  <properties>
    <property name="sun.desktop" value="windows"/>
    <property name="awt.toolkit" value="sun.awt.windows.WToolkit"/>
    <property name="file.encoding.pkg" value="sun.io"/>
    <property name="java.specification.version" value="1.8"/>
    <property name="sun.cpu.isalist" value="amd64"/>
    <property name="sun.jnu.encoding" value="GBK"/>
    <property name="java.class.path" value="E:\编程\code\blog\target\test-classes;E:\编程\code\blog\target\classes;E:\maven\apache-maven-3.8.1\maven-repo\org\springframework\boot\spring-boot-starter-data-jpa\2.5.3\spring-boot-starter-data-jpa-2.5.3.jar;E:\maven\apache-maven-3.8.1\maven-repo\org\springframework\boot\spring-boot-starter-aop\2.5.3\spring-boot-starter-aop-2.5.3.jar;E:\maven\apache-maven-3.8.1\maven-repo\org\springframework\spring-aop\5.3.9\spring-aop-5.3.9.jar;E:\maven\apache-maven-3.8.1\maven-repo\org\aspectj\aspectjweaver\1.9.7\aspectjweaver-1.9.7.jar;E:\maven\apache-maven-3.8.1\maven-repo\org\springframework\boot\spring-boot-starter-jdbc\2.5.3\spring-boot-starter-jdbc-2.5.3.jar;E:\maven\apache-maven-3.8.1\maven-repo\com\zaxxer\HikariCP\4.0.3\HikariCP-4.0.3.jar;E:\maven\apache-maven-3.8.1\maven-repo\org\springframework\spring-jdbc\5.3.9\spring-jdbc-5.3.9.jar;E:\maven\apache-maven-3.8.1\maven-repo\jakarta\transaction\jakarta.transaction-api\1.3.3\jakarta.transaction-api-1.3.3.jar;E:\maven\apache-maven-3.8.1\maven-repo\jakarta\persistence\jakarta.persistence-api\2.2.3\jakarta.persistence-api-2.2.3.jar;E:\maven\apache-maven-3.8.1\maven-repo\org\hibernate\hibernate-core\5.4.32.Final\hibernate-core-5.4.32.Final.jar;E:\maven\apache-maven-3.8.1\maven-repo\org\jboss\logging\jboss-logging\3.4.2.Final\jboss-logging-3.4.2.Final.jar;E:\maven\apache-maven-3.8.1\maven-repo\org\javassist\javassist\3.27.0-GA\javassist-3.27.0-GA.jar;E:\maven\apache-maven-3.8.1\maven-repo\net\bytebuddy\byte-buddy\1.10.22\byte-buddy-1.10.22.jar;E:\maven\apache-maven-3.8.1\maven-repo\antlr\antlr\2.7.7\antlr-2.7.7.jar;E:\maven\apache-maven-3.8.1\maven-repo\org\jboss\jandex\2.2.3.Final\jandex-2.2.3.Final.jar;E:\maven\apache-maven-3.8.1\maven-repo\com\fasterxml\classmate\1.5.1\classmate-1.5.1.jar;E:\maven\apache-maven-3.8.1\maven-repo\org\dom4j\dom4j\2.1.3\dom4j-2.1.3.jar;E:\maven\apache-maven-3.8.1\maven-repo\org\hibernate\common\hibernate-commons-annotations\5.1.2.Final\hibernate-commons-annotations-5.1.2.Final.jar;E:\maven\apache-maven-3.8.1\maven-repo\org\glassfish\jaxb\jaxb-runtime\2.3.4\jaxb-runtime-2.3.4.jar;E:\maven\apache-maven-3.8.1\maven-repo\org\glassfish\jaxb\txw2\2.3.4\txw2-2.3.4.jar;E:\maven\apache-maven-3.8.1\maven-repo\com\sun\istack\istack-commons-runtime\3.0.12\istack-commons-runtime-3.0.12.jar;E:\maven\apache-maven-3.8.1\maven-repo\com\sun\activation\jakarta.activation\1.2.2\jakarta.activation-1.2.2.jar;E:\maven\apache-maven-3.8.1\maven-repo\org\springframework\data\spring-data-jpa\2.5.3\spring-data-jpa-2.5.3.jar;E:\maven\apache-maven-3.8.1\maven-repo\org\springframework\data\spring-data-commons\2.5.3\spring-data-commons-2.5.3.jar;E:\maven\apache-maven-3.8.1\maven-repo\org\springframework\spring-orm\5.3.9\spring-orm-5.3.9.jar;E:\maven\apache-maven-3.8.1\maven-repo\org\springframework\spring-context\5.3.9\spring-context-5.3.9.jar;E:\maven\apache-maven-3.8.1\maven-repo\org\springframework\spring-tx\5.3.9\spring-tx-5.3.9.jar;E:\maven\apache-maven-3.8.1\maven-repo\org\springframework\spring-beans\5.3.9\spring-beans-5.3.9.jar;E:\maven\apache-maven-3.8.1\maven-repo\org\slf4j\slf4j-api\1.7.32\slf4j-api-1.7.32.jar;E:\maven\apache-maven-3.8.1\maven-repo\org\springframework\spring-aspects\5.3.9\spring-aspects-5.3.9.jar;E:\maven\apache-maven-3.8.1\maven-repo\org\springframework\boot\spring-boot-starter-thymeleaf\2.5.3\spring-boot-starter-thymeleaf-2.5.3.jar;E:\maven\apache-maven-3.8.1\maven-repo\org\springframework\boot\spring-boot-starter\2.5.3\spring-boot-starter-2.5.3.jar;E:\maven\apache-maven-3.8.1\maven-repo\org\springframework\boot\spring-boot-starter-logging\2.5.3\spring-boot-starter-logging-2.5.3.jar;E:\maven\apache-maven-3.8.1\maven-repo\ch\qos\logback\logback-classic\1.2.4\logback-classic-1.2.4.jar;E:\maven\apache-maven-3.8.1\maven-repo\ch\qos\logback\logback-core\1.2.4\logback-core-1.2.4.jar;E:\maven\apache-maven-3.8.1\maven-repo\org\apache\logging\log4j\log4j-to-slf4j\2.14.1\log4j-to-slf4j-2.14.1.jar;E:\maven\apache-maven-3.8.1\maven-repo\org\apache\logging\log4j\log4j-api\2.14.1\log4j-api-2.14.1.jar;E:\maven\apache-maven-3.8.1\maven-repo\org\slf4j\jul-to-slf4j\1.7.32\jul-to-slf4j-1.7.32.jar;E:\maven\apache-maven-3.8.1\maven-repo\jakarta\annotation\jakarta.annotation-api\1.3.5\jakarta.annotation-api-1.3.5.jar;E:\maven\apache-maven-3.8.1\maven-repo\org\yaml\snakeyaml\1.28\snakeyaml-1.28.jar;E:\maven\apache-maven-3.8.1\maven-repo\org\thymeleaf\thymeleaf-spring5\3.0.12.RELEASE\thymeleaf-spring5-3.0.12.RELEASE.jar;E:\maven\apache-maven-3.8.1\maven-repo\org\thymeleaf\thymeleaf\3.0.12.RELEASE\thymeleaf-3.0.12.RELEASE.jar;E:\maven\apache-maven-3.8.1\maven-repo\org\attoparser\attoparser\2.0.5.RELEASE\attoparser-2.0.5.RELEASE.jar;E:\maven\apache-maven-3.8.1\maven-repo\org\unbescape\unbescape\1.1.6.RELEASE\unbescape-1.1.6.RELEASE.jar;E:\maven\apache-maven-3.8.1\maven-repo\org\thymeleaf\extras\thymeleaf-extras-java8time\3.0.4.RELEASE\thymeleaf-extras-java8time-3.0.4.RELEASE.jar;E:\maven\apache-maven-3.8.1\maven-repo\com\atlassian\commonmark\commonmark\0.10.0\commonmark-0.10.0.jar;E:\maven\apache-maven-3.8.1\maven-repo\com\atlassian\commonmark\commonmark-ext-heading-anchor\0.10.0\commonmark-ext-heading-anchor-0.10.0.jar;E:\maven\apache-maven-3.8.1\maven-repo\com\atlassian\commonmark\commonmark-ext-gfm-tables\0.10.0\commonmark-ext-gfm-tables-0.10.0.jar;E:\maven\apache-maven-3.8.1\maven-repo\org\springframework\boot\spring-boot-starter-web\2.5.3\spring-boot-starter-web-2.5.3.jar;E:\maven\apache-maven-3.8.1\maven-repo\org\springframework\boot\spring-boot-starter-json\2.5.3\spring-boot-starter-json-2.5.3.jar;E:\maven\apache-maven-3.8.1\maven-repo\com\fasterxml\jackson\core\jackson-databind\2.12.4\jackson-databind-2.12.4.jar;E:\maven\apache-maven-3.8.1\maven-repo\com\fasterxml\jackson\core\jackson-annotations\2.12.4\jackson-annotations-2.12.4.jar;E:\maven\apache-maven-3.8.1\maven-repo\com\fasterxml\jackson\core\jackson-core\2.12.4\jackson-core-2.12.4.jar;E:\maven\apache-maven-3.8.1\maven-repo\com\fasterxml\jackson\datatype\jackson-datatype-jdk8\2.12.4\jackson-datatype-jdk8-2.12.4.jar;E:\maven\apache-maven-3.8.1\maven-repo\com\fasterxml\jackson\datatype\jackson-datatype-jsr310\2.12.4\jackson-datatype-jsr310-2.12.4.jar;E:\maven\apache-maven-3.8.1\maven-repo\com\fasterxml\jackson\module\jackson-module-parameter-names\2.12.4\jackson-module-parameter-names-2.12.4.jar;E:\maven\apache-maven-3.8.1\maven-repo\org\springframework\boot\spring-boot-starter-tomcat\2.5.3\spring-boot-starter-tomcat-2.5.3.jar;E:\maven\apache-maven-3.8.1\maven-repo\org\apache\tomcat\embed\tomcat-embed-core\9.0.50\tomcat-embed-core-9.0.50.jar;E:\maven\apache-maven-3.8.1\maven-repo\org\apache\tomcat\embed\tomcat-embed-websocket\9.0.50\tomcat-embed-websocket-9.0.50.jar;E:\maven\apache-maven-3.8.1\maven-repo\org\springframework\spring-web\5.3.9\spring-web-5.3.9.jar;E:\maven\apache-maven-3.8.1\maven-repo\org\springframework\spring-webmvc\5.3.9\spring-webmvc-5.3.9.jar;E:\maven\apache-maven-3.8.1\maven-repo\org\springframework\spring-expression\5.3.9\spring-expression-5.3.9.jar;E:\maven\apache-maven-3.8.1\maven-repo\org\springframework\boot\spring-boot-devtools\2.5.3\spring-boot-devtools-2.5.3.jar;E:\maven\apache-maven-3.8.1\maven-repo\org\springframework\boot\spring-boot\2.5.3\spring-boot-2.5.3.jar;E:\maven\apache-maven-3.8.1\maven-repo\org\springframework\boot\spring-boot-autoconfigure\2.5.3\spring-boot-autoconfigure-2.5.3.jar;E:\maven\apache-maven-3.8.1\maven-repo\mysql\mysql-connector-java\8.0.23\mysql-connector-java-8.0.23.jar;E:\maven\apache-maven-3.8.1\maven-repo\org\springframework\boot\spring-boot-starter-test\2.5.3\spring-boot-starter-test-2.5.3.jar;E:\maven\apache-maven-3.8.1\maven-repo\org\springframework\boot\spring-boot-test\2.5.3\spring-boot-test-2.5.3.jar;E:\maven\apache-maven-3.8.1\maven-repo\org\springframework\boot\spring-boot-test-autoconfigure\2.5.3\spring-boot-test-autoconfigure-2.5.3.jar;E:\maven\apache-maven-3.8.1\maven-repo\com\jayway\jsonpath\json-path\2.5.0\json-path-2.5.0.jar;E:\maven\apache-maven-3.8.1\maven-repo\net\minidev\json-smart\2.4.7\json-smart-2.4.7.jar;E:\maven\apache-maven-3.8.1\maven-repo\net\minidev\accessors-smart\2.4.7\accessors-smart-2.4.7.jar;E:\maven\apache-maven-3.8.1\maven-repo\org\ow2\asm\asm\9.1\asm-9.1.jar;E:\maven\apache-maven-3.8.1\maven-repo\jakarta\xml\bind\jakarta.xml.bind-api\2.3.3\jakarta.xml.bind-api-2.3.3.jar;E:\maven\apache-maven-3.8.1\maven-repo\jakarta\activation\jakarta.activation-api\1.2.2\jakarta.activation-api-1.2.2.jar;E:\maven\apache-maven-3.8.1\maven-repo\org\assertj\assertj-core\3.19.0\assertj-core-3.19.0.jar;E:\maven\apache-maven-3.8.1\maven-repo\org\hamcrest\hamcrest\2.2\hamcrest-2.2.jar;E:\maven\apache-maven-3.8.1\maven-repo\org\junit\jupiter\junit-jupiter\5.7.2\junit-jupiter-5.7.2.jar;E:\maven\apache-maven-3.8.1\maven-repo\org\junit\jupiter\junit-jupiter-api\5.7.2\junit-jupiter-api-5.7.2.jar;E:\maven\apache-maven-3.8.1\maven-repo\org\apiguardian\apiguardian-api\1.1.0\apiguardian-api-1.1.0.jar;E:\maven\apache-maven-3.8.1\maven-repo\org\opentest4j\opentest4j\1.2.0\opentest4j-1.2.0.jar;E:\maven\apache-maven-3.8.1\maven-repo\org\junit\platform\junit-platform-commons\1.7.2\junit-platform-commons-1.7.2.jar;E:\maven\apache-maven-3.8.1\maven-repo\org\junit\jupiter\junit-jupiter-params\5.7.2\junit-jupiter-params-5.7.2.jar;E:\maven\apache-maven-3.8.1\maven-repo\org\junit\jupiter\junit-jupiter-engine\5.7.2\junit-jupiter-engine-5.7.2.jar;E:\maven\apache-maven-3.8.1\maven-repo\org\junit\platform\junit-platform-engine\1.7.2\junit-platform-engine-1.7.2.jar;E:\maven\apache-maven-3.8.1\maven-repo\org\mockito\mockito-core\3.9.0\mockito-core-3.9.0.jar;E:\maven\apache-maven-3.8.1\maven-repo\net\bytebuddy\byte-buddy-agent\1.10.22\byte-buddy-agent-1.10.22.jar;E:\maven\apache-maven-3.8.1\maven-repo\org\objenesis\objenesis\3.2\objenesis-3.2.jar;E:\maven\apache-maven-3.8.1\maven-repo\org\mockito\mockito-junit-jupiter\3.9.0\mockito-junit-jupiter-3.9.0.jar;E:\maven\apache-maven-3.8.1\maven-repo\org\skyscreamer\jsonassert\1.5.0\jsonassert-1.5.0.jar;E:\maven\apache-maven-3.8.1\maven-repo\com\vaadin\external\google\android-json\0.0.20131108.vaadin1\android-json-0.0.20131108.vaadin1.jar;E:\maven\apache-maven-3.8.1\maven-repo\org\springframework\spring-core\5.3.9\spring-core-5.3.9.jar;E:\maven\apache-maven-3.8.1\maven-repo\org\springframework\spring-jcl\5.3.9\spring-jcl-5.3.9.jar;E:\maven\apache-maven-3.8.1\maven-repo\org\springframework\spring-test\5.3.9\spring-test-5.3.9.jar;E:\maven\apache-maven-3.8.1\maven-repo\org\xmlunit\xmlunit-core\2.8.2\xmlunit-core-2.8.2.jar;E:\maven\apache-maven-3.8.1\maven-repo\org\springframework\boot\spring-boot-starter-validation\2.5.3\spring-boot-starter-validation-2.5.3.jar;E:\maven\apache-maven-3.8.1\maven-repo\org\apache\tomcat\embed\tomcat-embed-el\9.0.50\tomcat-embed-el-9.0.50.jar;E:\maven\apache-maven-3.8.1\maven-repo\org\hibernate\validator\hibernate-validator\6.2.0.Final\hibernate-validator-6.2.0.Final.jar;E:\maven\apache-maven-3.8.1\maven-repo\jakarta\validation\jakarta.validation-api\2.0.2\jakarta.validation-api-2.0.2.jar;E:\maven\apache-maven-3.8.1\maven-repo\org\apache\shiro\shiro-spring\1.7.1\shiro-spring-1.7.1.jar;E:\maven\apache-maven-3.8.1\maven-repo\org\apache\shiro\shiro-core\1.7.1\shiro-core-1.7.1.jar;E:\maven\apache-maven-3.8.1\maven-repo\org\apache\shiro\shiro-lang\1.7.1\shiro-lang-1.7.1.jar;E:\maven\apache-maven-3.8.1\maven-repo\org\apache\shiro\shiro-cache\1.7.1\shiro-cache-1.7.1.jar;E:\maven\apache-maven-3.8.1\maven-repo\org\apache\shiro\shiro-crypto-hash\1.7.1\shiro-crypto-hash-1.7.1.jar;E:\maven\apache-maven-3.8.1\maven-repo\org\apache\shiro\shiro-crypto-core\1.7.1\shiro-crypto-core-1.7.1.jar;E:\maven\apache-maven-3.8.1\maven-repo\org\apache\shiro\shiro-crypto-cipher\1.7.1\shiro-crypto-cipher-1.7.1.jar;E:\maven\apache-maven-3.8.1\maven-repo\org\apache\shiro\shiro-config-core\1.7.1\shiro-config-core-1.7.1.jar;E:\maven\apache-maven-3.8.1\maven-repo\org\apache\shiro\shiro-config-ogdl\1.7.1\shiro-config-ogdl-1.7.1.jar;E:\maven\apache-maven-3.8.1\maven-repo\commons-beanutils\commons-beanutils\1.9.4\commons-beanutils-1.9.4.jar;E:\maven\apache-maven-3.8.1\maven-repo\commons-collections\commons-collections\3.2.2\commons-collections-3.2.2.jar;E:\maven\apache-maven-3.8.1\maven-repo\org\apache\shiro\shiro-event\1.7.1\shiro-event-1.7.1.jar;E:\maven\apache-maven-3.8.1\maven-repo\org\apache\shiro\shiro-web\1.7.1\shiro-web-1.7.1.jar;E:\maven\apache-maven-3.8.1\maven-repo\org\owasp\encoder\encoder\1.2.2\encoder-1.2.2.jar;"/>
    <property name="java.vm.vendor" value="Oracle Corporation"/>
    <property name="sun.arch.data.model" value="64"/>
    <property name="user.variant" value=""/>
    <property name="java.vendor.url" value="http://java.oracle.com/"/>
    <property name="user.timezone" value="Asia/Shanghai"/>
    <property name="java.vm.specification.version" value="1.8"/>
    <property name="os.name" value="Windows 10"/>
    <property name="user.country" value="CN"/>
    <property name="sun.java.launcher" value="SUN_STANDARD"/>
    <property name="sun.boot.library.path" value="E:\编程\Java\jdk1.8.0_281\jre\bin"/>
    <property name="sun.java.command" value="C:\Users\童泽沼\AppData\Local\Temp\surefire4478486416512284534\surefirebooter1254215639326528433.jar C:\Users\童泽沼\AppData\Local\Temp\surefire4478486416512284534 2021-08-31T18-21-32_857-jvmRun1 surefire5726873284712310571tmp surefire_03771209153052408431tmp"/>
    <property name="surefire.test.class.path" value="E:\编程\code\blog\target\test-classes;E:\编程\code\blog\target\classes;E:\maven\apache-maven-3.8.1\maven-repo\org\springframework\boot\spring-boot-starter-data-jpa\2.5.3\spring-boot-starter-data-jpa-2.5.3.jar;E:\maven\apache-maven-3.8.1\maven-repo\org\springframework\boot\spring-boot-starter-aop\2.5.3\spring-boot-starter-aop-2.5.3.jar;E:\maven\apache-maven-3.8.1\maven-repo\org\springframework\spring-aop\5.3.9\spring-aop-5.3.9.jar;E:\maven\apache-maven-3.8.1\maven-repo\org\aspectj\aspectjweaver\1.9.7\aspectjweaver-1.9.7.jar;E:\maven\apache-maven-3.8.1\maven-repo\org\springframework\boot\spring-boot-starter-jdbc\2.5.3\spring-boot-starter-jdbc-2.5.3.jar;E:\maven\apache-maven-3.8.1\maven-repo\com\zaxxer\HikariCP\4.0.3\HikariCP-4.0.3.jar;E:\maven\apache-maven-3.8.1\maven-repo\org\springframework\spring-jdbc\5.3.9\spring-jdbc-5.3.9.jar;E:\maven\apache-maven-3.8.1\maven-repo\jakarta\transaction\jakarta.transaction-api\1.3.3\jakarta.transaction-api-1.3.3.jar;E:\maven\apache-maven-3.8.1\maven-repo\jakarta\persistence\jakarta.persistence-api\2.2.3\jakarta.persistence-api-2.2.3.jar;E:\maven\apache-maven-3.8.1\maven-repo\org\hibernate\hibernate-core\5.4.32.Final\hibernate-core-5.4.32.Final.jar;E:\maven\apache-maven-3.8.1\maven-repo\org\jboss\logging\jboss-logging\3.4.2.Final\jboss-logging-3.4.2.Final.jar;E:\maven\apache-maven-3.8.1\maven-repo\org\javassist\javassist\3.27.0-GA\javassist-3.27.0-GA.jar;E:\maven\apache-maven-3.8.1\maven-repo\net\bytebuddy\byte-buddy\1.10.22\byte-buddy-1.10.22.jar;E:\maven\apache-maven-3.8.1\maven-repo\antlr\antlr\2.7.7\antlr-2.7.7.jar;E:\maven\apache-maven-3.8.1\maven-repo\org\jboss\jandex\2.2.3.Final\jandex-2.2.3.Final.jar;E:\maven\apache-maven-3.8.1\maven-repo\com\fasterxml\classmate\1.5.1\classmate-1.5.1.jar;E:\maven\apache-maven-3.8.1\maven-repo\org\dom4j\dom4j\2.1.3\dom4j-2.1.3.jar;E:\maven\apache-maven-3.8.1\maven-repo\org\hibernate\common\hibernate-commons-annotations\5.1.2.Final\hibernate-commons-annotations-5.1.2.Final.jar;E:\maven\apache-maven-3.8.1\maven-repo\org\glassfish\jaxb\jaxb-runtime\2.3.4\jaxb-runtime-2.3.4.jar;E:\maven\apache-maven-3.8.1\maven-repo\org\glassfish\jaxb\txw2\2.3.4\txw2-2.3.4.jar;E:\maven\apache-maven-3.8.1\maven-repo\com\sun\istack\istack-commons-runtime\3.0.12\istack-commons-runtime-3.0.12.jar;E:\maven\apache-maven-3.8.1\maven-repo\com\sun\activation\jakarta.activation\1.2.2\jakarta.activation-1.2.2.jar;E:\maven\apache-maven-3.8.1\maven-repo\org\springframework\data\spring-data-jpa\2.5.3\spring-data-jpa-2.5.3.jar;E:\maven\apache-maven-3.8.1\maven-repo\org\springframework\data\spring-data-commons\2.5.3\spring-data-commons-2.5.3.jar;E:\maven\apache-maven-3.8.1\maven-repo\org\springframework\spring-orm\5.3.9\spring-orm-5.3.9.jar;E:\maven\apache-maven-3.8.1\maven-repo\org\springframework\spring-context\5.3.9\spring-context-5.3.9.jar;E:\maven\apache-maven-3.8.1\maven-repo\org\springframework\spring-tx\5.3.9\spring-tx-5.3.9.jar;E:\maven\apache-maven-3.8.1\maven-repo\org\springframework\spring-beans\5.3.9\spring-beans-5.3.9.jar;E:\maven\apache-maven-3.8.1\maven-repo\org\slf4j\slf4j-api\1.7.32\slf4j-api-1.7.32.jar;E:\maven\apache-maven-3.8.1\maven-repo\org\springframework\spring-aspects\5.3.9\spring-aspects-5.3.9.jar;E:\maven\apache-maven-3.8.1\maven-repo\org\springframework\boot\spring-boot-starter-thymeleaf\2.5.3\spring-boot-starter-thymeleaf-2.5.3.jar;E:\maven\apache-maven-3.8.1\maven-repo\org\springframework\boot\spring-boot-starter\2.5.3\spring-boot-starter-2.5.3.jar;E:\maven\apache-maven-3.8.1\maven-repo\org\springframework\boot\spring-boot-starter-logging\2.5.3\spring-boot-starter-logging-2.5.3.jar;E:\maven\apache-maven-3.8.1\maven-repo\ch\qos\logback\logback-classic\1.2.4\logback-classic-1.2.4.jar;E:\maven\apache-maven-3.8.1\maven-repo\ch\qos\logback\logback-core\1.2.4\logback-core-1.2.4.jar;E:\maven\apache-maven-3.8.1\maven-repo\org\apache\logging\log4j\log4j-to-slf4j\2.14.1\log4j-to-slf4j-2.14.1.jar;E:\maven\apache-maven-3.8.1\maven-repo\org\apache\logging\log4j\log4j-api\2.14.1\log4j-api-2.14.1.jar;E:\maven\apache-maven-3.8.1\maven-repo\org\slf4j\jul-to-slf4j\1.7.32\jul-to-slf4j-1.7.32.jar;E:\maven\apache-maven-3.8.1\maven-repo\jakarta\annotation\jakarta.annotation-api\1.3.5\jakarta.annotation-api-1.3.5.jar;E:\maven\apache-maven-3.8.1\maven-repo\org\yaml\snakeyaml\1.28\snakeyaml-1.28.jar;E:\maven\apache-maven-3.8.1\maven-repo\org\thymeleaf\thymeleaf-spring5\3.0.12.RELEASE\thymeleaf-spring5-3.0.12.RELEASE.jar;E:\maven\apache-maven-3.8.1\maven-repo\org\thymeleaf\thymeleaf\3.0.12.RELEASE\thymeleaf-3.0.12.RELEASE.jar;E:\maven\apache-maven-3.8.1\maven-repo\org\attoparser\attoparser\2.0.5.RELEASE\attoparser-2.0.5.RELEASE.jar;E:\maven\apache-maven-3.8.1\maven-repo\org\unbescape\unbescape\1.1.6.RELEASE\unbescape-1.1.6.RELEASE.jar;E:\maven\apache-maven-3.8.1\maven-repo\org\thymeleaf\extras\thymeleaf-extras-java8time\3.0.4.RELEASE\thymeleaf-extras-java8time-3.0.4.RELEASE.jar;E:\maven\apache-maven-3.8.1\maven-repo\com\atlassian\commonmark\commonmark\0.10.0\commonmark-0.10.0.jar;E:\maven\apache-maven-3.8.1\maven-repo\com\atlassian\commonmark\commonmark-ext-heading-anchor\0.10.0\commonmark-ext-heading-anchor-0.10.0.jar;E:\maven\apache-maven-3.8.1\maven-repo\com\atlassian\commonmark\commonmark-ext-gfm-tables\0.10.0\commonmark-ext-gfm-tables-0.10.0.jar;E:\maven\apache-maven-3.8.1\maven-repo\org\springframework\boot\spring-boot-starter-web\2.5.3\spring-boot-starter-web-2.5.3.jar;E:\maven\apache-maven-3.8.1\maven-repo\org\springframework\boot\spring-boot-starter-json\2.5.3\spring-boot-starter-json-2.5.3.jar;E:\maven\apache-maven-3.8.1\maven-repo\com\fasterxml\jackson\core\jackson-databind\2.12.4\jackson-databind-2.12.4.jar;E:\maven\apache-maven-3.8.1\maven-repo\com\fasterxml\jackson\core\jackson-annotations\2.12.4\jackson-annotations-2.12.4.jar;E:\maven\apache-maven-3.8.1\maven-repo\com\fasterxml\jackson\core\jackson-core\2.12.4\jackson-core-2.12.4.jar;E:\maven\apache-maven-3.8.1\maven-repo\com\fasterxml\jackson\datatype\jackson-datatype-jdk8\2.12.4\jackson-datatype-jdk8-2.12.4.jar;E:\maven\apache-maven-3.8.1\maven-repo\com\fasterxml\jackson\datatype\jackson-datatype-jsr310\2.12.4\jackson-datatype-jsr310-2.12.4.jar;E:\maven\apache-maven-3.8.1\maven-repo\com\fasterxml\jackson\module\jackson-module-parameter-names\2.12.4\jackson-module-parameter-names-2.12.4.jar;E:\maven\apache-maven-3.8.1\maven-repo\org\springframework\boot\spring-boot-starter-tomcat\2.5.3\spring-boot-starter-tomcat-2.5.3.jar;E:\maven\apache-maven-3.8.1\maven-repo\org\apache\tomcat\embed\tomcat-embed-core\9.0.50\tomcat-embed-core-9.0.50.jar;E:\maven\apache-maven-3.8.1\maven-repo\org\apache\tomcat\embed\tomcat-embed-websocket\9.0.50\tomcat-embed-websocket-9.0.50.jar;E:\maven\apache-maven-3.8.1\maven-repo\org\springframework\spring-web\5.3.9\spring-web-5.3.9.jar;E:\maven\apache-maven-3.8.1\maven-repo\org\springframework\spring-webmvc\5.3.9\spring-webmvc-5.3.9.jar;E:\maven\apache-maven-3.8.1\maven-repo\org\springframework\spring-expression\5.3.9\spring-expression-5.3.9.jar;E:\maven\apache-maven-3.8.1\maven-repo\org\springframework\boot\spring-boot-devtools\2.5.3\spring-boot-devtools-2.5.3.jar;E:\maven\apache-maven-3.8.1\maven-repo\org\springframework\boot\spring-boot\2.5.3\spring-boot-2.5.3.jar;E:\maven\apache-maven-3.8.1\maven-repo\org\springframework\boot\spring-boot-autoconfigure\2.5.3\spring-boot-autoconfigure-2.5.3.jar;E:\maven\apache-maven-3.8.1\maven-repo\mysql\mysql-connector-java\8.0.23\mysql-connector-java-8.0.23.jar;E:\maven\apache-maven-3.8.1\maven-repo\org\springframework\boot\spring-boot-starter-test\2.5.3\spring-boot-starter-test-2.5.3.jar;E:\maven\apache-maven-3.8.1\maven-repo\org\springframework\boot\spring-boot-test\2.5.3\spring-boot-test-2.5.3.jar;E:\maven\apache-maven-3.8.1\maven-repo\org\springframework\boot\spring-boot-test-autoconfigure\2.5.3\spring-boot-test-autoconfigure-2.5.3.jar;E:\maven\apache-maven-3.8.1\maven-repo\com\jayway\jsonpath\json-path\2.5.0\json-path-2.5.0.jar;E:\maven\apache-maven-3.8.1\maven-repo\net\minidev\json-smart\2.4.7\json-smart-2.4.7.jar;E:\maven\apache-maven-3.8.1\maven-repo\net\minidev\accessors-smart\2.4.7\accessors-smart-2.4.7.jar;E:\maven\apache-maven-3.8.1\maven-repo\org\ow2\asm\asm\9.1\asm-9.1.jar;E:\maven\apache-maven-3.8.1\maven-repo\jakarta\xml\bind\jakarta.xml.bind-api\2.3.3\jakarta.xml.bind-api-2.3.3.jar;E:\maven\apache-maven-3.8.1\maven-repo\jakarta\activation\jakarta.activation-api\1.2.2\jakarta.activation-api-1.2.2.jar;E:\maven\apache-maven-3.8.1\maven-repo\org\assertj\assertj-core\3.19.0\assertj-core-3.19.0.jar;E:\maven\apache-maven-3.8.1\maven-repo\org\hamcrest\hamcrest\2.2\hamcrest-2.2.jar;E:\maven\apache-maven-3.8.1\maven-repo\org\junit\jupiter\junit-jupiter\5.7.2\junit-jupiter-5.7.2.jar;E:\maven\apache-maven-3.8.1\maven-repo\org\junit\jupiter\junit-jupiter-api\5.7.2\junit-jupiter-api-5.7.2.jar;E:\maven\apache-maven-3.8.1\maven-repo\org\apiguardian\apiguardian-api\1.1.0\apiguardian-api-1.1.0.jar;E:\maven\apache-maven-3.8.1\maven-repo\org\opentest4j\opentest4j\1.2.0\opentest4j-1.2.0.jar;E:\maven\apache-maven-3.8.1\maven-repo\org\junit\platform\junit-platform-commons\1.7.2\junit-platform-commons-1.7.2.jar;E:\maven\apache-maven-3.8.1\maven-repo\org\junit\jupiter\junit-jupiter-params\5.7.2\junit-jupiter-params-5.7.2.jar;E:\maven\apache-maven-3.8.1\maven-repo\org\junit\jupiter\junit-jupiter-engine\5.7.2\junit-jupiter-engine-5.7.2.jar;E:\maven\apache-maven-3.8.1\maven-repo\org\junit\platform\junit-platform-engine\1.7.2\junit-platform-engine-1.7.2.jar;E:\maven\apache-maven-3.8.1\maven-repo\org\mockito\mockito-core\3.9.0\mockito-core-3.9.0.jar;E:\maven\apache-maven-3.8.1\maven-repo\net\bytebuddy\byte-buddy-agent\1.10.22\byte-buddy-agent-1.10.22.jar;E:\maven\apache-maven-3.8.1\maven-repo\org\objenesis\objenesis\3.2\objenesis-3.2.jar;E:\maven\apache-maven-3.8.1\maven-repo\org\mockito\mockito-junit-jupiter\3.9.0\mockito-junit-jupiter-3.9.0.jar;E:\maven\apache-maven-3.8.1\maven-repo\org\skyscreamer\jsonassert\1.5.0\jsonassert-1.5.0.jar;E:\maven\apache-maven-3.8.1\maven-repo\com\vaadin\external\google\android-json\0.0.20131108.vaadin1\android-json-0.0.20131108.vaadin1.jar;E:\maven\apache-maven-3.8.1\maven-repo\org\springframework\spring-core\5.3.9\spring-core-5.3.9.jar;E:\maven\apache-maven-3.8.1\maven-repo\org\springframework\spring-jcl\5.3.9\spring-jcl-5.3.9.jar;E:\maven\apache-maven-3.8.1\maven-repo\org\springframework\spring-test\5.3.9\spring-test-5.3.9.jar;E:\maven\apache-maven-3.8.1\maven-repo\org\xmlunit\xmlunit-core\2.8.2\xmlunit-core-2.8.2.jar;E:\maven\apache-maven-3.8.1\maven-repo\org\springframework\boot\spring-boot-starter-validation\2.5.3\spring-boot-starter-validation-2.5.3.jar;E:\maven\apache-maven-3.8.1\maven-repo\org\apache\tomcat\embed\tomcat-embed-el\9.0.50\tomcat-embed-el-9.0.50.jar;E:\maven\apache-maven-3.8.1\maven-repo\org\hibernate\validator\hibernate-validator\6.2.0.Final\hibernate-validator-6.2.0.Final.jar;E:\maven\apache-maven-3.8.1\maven-repo\jakarta\validation\jakarta.validation-api\2.0.2\jakarta.validation-api-2.0.2.jar;E:\maven\apache-maven-3.8.1\maven-repo\org\apache\shiro\shiro-spring\1.7.1\shiro-spring-1.7.1.jar;E:\maven\apache-maven-3.8.1\maven-repo\org\apache\shiro\shiro-core\1.7.1\shiro-core-1.7.1.jar;E:\maven\apache-maven-3.8.1\maven-repo\org\apache\shiro\shiro-lang\1.7.1\shiro-lang-1.7.1.jar;E:\maven\apache-maven-3.8.1\maven-repo\org\apache\shiro\shiro-cache\1.7.1\shiro-cache-1.7.1.jar;E:\maven\apache-maven-3.8.1\maven-repo\org\apache\shiro\shiro-crypto-hash\1.7.1\shiro-crypto-hash-1.7.1.jar;E:\maven\apache-maven-3.8.1\maven-repo\org\apache\shiro\shiro-crypto-core\1.7.1\shiro-crypto-core-1.7.1.jar;E:\maven\apache-maven-3.8.1\maven-repo\org\apache\shiro\shiro-crypto-cipher\1.7.1\shiro-crypto-cipher-1.7.1.jar;E:\maven\apache-maven-3.8.1\maven-repo\org\apache\shiro\shiro-config-core\1.7.1\shiro-config-core-1.7.1.jar;E:\maven\apache-maven-3.8.1\maven-repo\org\apache\shiro\shiro-config-ogdl\1.7.1\shiro-config-ogdl-1.7.1.jar;E:\maven\apache-maven-3.8.1\maven-repo\commons-beanutils\commons-beanutils\1.9.4\commons-beanutils-1.9.4.jar;E:\maven\apache-maven-3.8.1\maven-repo\commons-collections\commons-collections\3.2.2\commons-collections-3.2.2.jar;E:\maven\apache-maven-3.8.1\maven-repo\org\apache\shiro\shiro-event\1.7.1\shiro-event-1.7.1.jar;E:\maven\apache-maven-3.8.1\maven-repo\org\apache\shiro\shiro-web\1.7.1\shiro-web-1.7.1.jar;E:\maven\apache-maven-3.8.1\maven-repo\org\owasp\encoder\encoder\1.2.2\encoder-1.2.2.jar;"/>
    <property name="sun.cpu.endian" value="little"/>
    <property name="user.home" value="C:\Users\童泽沼"/>
    <property name="user.language" value="zh"/>
    <property name="java.specification.vendor" value="Oracle Corporation"/>
    <property name="java.home" value="E:\编程\Java\jdk1.8.0_281\jre"/>
    <property name="basedir" value="E:\编程\code\blog"/>
    <property name="file.separator" value="\"/>
    <property name="line.separator" value="&#10;"/>
    <property name="java.vm.specification.vendor" value="Oracle Corporation"/>
    <property name="java.specification.name" value="Java Platform API Specification"/>
    <property name="java.awt.graphicsenv" value="sun.awt.Win32GraphicsEnvironment"/>
    <property name="surefire.real.class.path" value="C:\Users\童泽沼\AppData\Local\Temp\surefire4478486416512284534\surefirebooter1254215639326528433.jar"/>
    <property name="sun.boot.class.path" value="E:\编程\Java\jdk1.8.0_281\jre\lib\resources.jar;E:\编程\Java\jdk1.8.0_281\jre\lib\rt.jar;E:\编程\Java\jdk1.8.0_281\jre\lib\sunrsasign.jar;E:\编程\Java\jdk1.8.0_281\jre\lib\jsse.jar;E:\编程\Java\jdk1.8.0_281\jre\lib\jce.jar;E:\编程\Java\jdk1.8.0_281\jre\lib\charsets.jar;E:\编程\Java\jdk1.8.0_281\jre\lib\jfr.jar;E:\编程\Java\jdk1.8.0_281\jre\classes"/>
    <property name="user.script" value=""/>
    <property name="sun.management.compiler" value="HotSpot 64-Bit Tiered Compilers"/>
    <property name="java.runtime.version" value="1.8.0_281-b09"/>
    <property name="user.name" value="童泽沼"/>
    <property name="path.separator" value=";"/>
    <property name="os.version" value="10.0"/>
    <property name="java.endorsed.dirs" value="E:\编程\Java\jdk1.8.0_281\jre\lib\endorsed"/>
    <property name="java.runtime.name" value="Java(TM) SE Runtime Environment"/>
    <property name="file.encoding" value="GBK"/>
    <property name="java.vm.name" value="Java HotSpot(TM) 64-Bit Server VM"/>
    <property name="localRepository" value="E:\maven\apache-maven-3.8.1\maven-repo"/>
    <property name="java.vendor.url.bug" value="http://bugreport.sun.com/bugreport/"/>
    <property name="java.io.tmpdir" value="C:\Users\童泽沼\AppData\Local\Temp\"/>
    <property name="idea.version" value="2021.2.1"/>
    <property name="java.version" value="1.8.0_281"/>
    <property name="user.dir" value="E:\编程\code\blog"/>
    <property name="os.arch" value="amd64"/>
    <property name="java.vm.specification.name" value="Java Virtual Machine Specification"/>
    <property name="java.awt.printerjob" value="sun.awt.windows.WPrinterJob"/>
    <property name="sun.os.patch.level" value=""/>
    <property name="java.library.path" value="E:\编程\Java\jdk1.8.0_281\jre\bin;C:\WINDOWS\Sun\Java\bin;C:\WINDOWS\system32;C:\WINDOWS;E:\VM\bin\;C:\WINDOWS\system32;C:\WINDOWS;C:\WINDOWS\System32\Wbem;C:\WINDOWS\System32\WindowsPowerShell\v1.0\;C:\WINDOWS\System32\OpenSSH\;E:\编程\Java\jdk1.8.0_281\bin;E:\编程\Java\jdk1.8.0_281\jre\bin;E:\sdk\platform-tools;E:\sdk\tools;E:\sdk\ndk\22.0.7026061;E:\编程\Java\jdk1.8.0_281;E:\sdk\emulator;E:\sdk\tools\bin;E:\DAI\gradle-6.7-rc-1\bin;E:\Mysql\mysql-8.0.23-winx64\bin;D:\Program Files\Nox\bin;E:\nodejs\;E:\nodejs;E:\maven\apache-maven-3.8.1\bin;E:\xshell\;E:\MongoDB\bin;E:\xftp\;E:\Git\Git\cmd;C:\Users\童泽沼\AppData\Local\Microsoft\WindowsApps;E:\html\Microsoft VS Code\bin;C:\Users\童泽沼\AppData\Local\GitHubDesktop\bin;C:\Users\童泽沼\AppData\Roaming\npm;."/>
    <property name="java.vm.info" value="mixed mode"/>
    <property name="java.vendor" value="Oracle Corporation"/>
    <property name="java.vm.version" value="25.281-b09"/>
    <property name="java.ext.dirs" value="E:\编程\Java\jdk1.8.0_281\jre\lib\ext;C:\WINDOWS\Sun\Java\lib\ext"/>
    <property name="sun.io.unicode.encoding" value="UnicodeLittle"/>
    <property name="maven.repo.local" value="E:\maven\apache-maven-3.8.1\maven-repo"/>
    <property name="java.class.version" value="52.0"/>
  </properties>
  <testcase name="contextLoads" classname="com.tzeao.blog.BlogApplicationTests" time="0.123"/>
</testsuite>